<?xml version="1.0" encoding="UTF-8"?>
<!-- Generated by org.testng.reporters.JUnitXMLReporter -->
<testsuite hostname="LTNJ-4BPS3G2" ignored="0" name="Application-Test" tests="5" failures="0" timestamp="06 Apr 2018 19:56:25 GMT" time="34.734" errors="0">
  <testcase name="invalidLogin" time="1.06" classname="testClasess.LoginPage"/>
  <testcase name="invalidLogin" time="1.007" classname="testClasess.LoginPage"/>
  <testcase name="invalidLogin" time="0.923" classname="testClasess.LoginPage"/>
  <testcase name="validLogin" time="1.004" classname="testClasess.LoginPage"/>
  <testcase name="addNotes" time="1.646" classname="testClasess.MyNotesPage"/>
</testsuite> <!-- Application-Test -->
